2023-07-18T18:27:54.551297057-07:00 : Initalising Program
2023-07-18T18:27:54.551572828-07:00 : The function [40mcheck_updaes()[0m currently has no functionality.
2023-07-18T18:27:54.551612163-07:00 : The function [40mverify_file_integrity()[0m currently has 
             no functionality.
2023-07-18T18:27:54.551852066-07:00 : Your server is running
              • [1mSoftware:[0m hermod 0.3.5:pre-release.4
              • [1mThreads:[0m 4
              • [1mMax Requests:[0m 18446744073709551615 (Warn: 3/4ths)
              • [1mLocation:[0m [4mhttp://127.0.255.1:3467[0m
             If this is not correct, please press [1m[4mCTRL+C[0m during the 
             launch countdown to abort the launch.
2023-07-18T18:27:54.551889106-07:00 : Initation completed! Your server is now live! 🎉
2023-07-18T18:27:54.551918041-07:00 : We currently are encrypting with [40mOsRng[0m, which is NOT 
             (NECESARLY) CRYPTOGRAPHICALLY SECURE!!
             It often is, but not always!
2023-07-18T18:29:02.871188266-07:00 : Initalising Program
2023-07-18T18:29:02.871445392-07:00 : The function [40mcheck_updaes()[0m currently has no functionality.
2023-07-18T18:29:02.871475338-07:00 : The function [40mverify_file_integrity()[0m currently has 
             no functionality.
2023-07-18T18:29:02.871700273-07:00 : Your server is running
              • [1mSoftware:[0m hermod 0.3.5:pre-release.4
              • [1mThreads:[0m 4
              • [1mMax Requests:[0m 18446744073709551615 (Warn: 3/4ths)
              • [1mLocation:[0m [4mhttp://127.0.255.1:3467[0m
             If this is not correct, please press [1m[4mCTRL+C[0m during the 
             launch countdown to abort the launch.
2023-07-18T18:29:02.871734889-07:00 : Initation completed! Your server is now live! 🎉
2023-07-18T18:29:02.871753053-07:00 : We currently are encrypting with [40mOsRng[0m, which is NOT 
             (NECESARLY) CRYPTOGRAPHICALLY SECURE!!
             It often is, but not always!
2023-07-18T18:52:49.503775301-07:00 : Initalising Program
2023-07-18T18:52:49.503885840-07:00 : The function [40mcheck_updaes()[0m currently has no functionality.
2023-07-18T18:52:49.503912771-07:00 : The function [40mverify_file_integrity()[0m currently has 
             no functionality.
2023-07-18T18:52:49.504150340-07:00 : Your server is running
              • [1mSoftware:[0m hermod 0.3.5:pre-release.4
              • [1mThreads:[0m 4
              • [1mMax Requests:[0m 18446744073709551615 (Warn: 3/4ths)
              • [1mLocation:[0m [4mhttp://127.0.255.1:3467[0m
             If this is not correct, please press [1m[4mCTRL+C[0m during the 
             launch countdown to abort the launch.
2023-07-18T18:52:49.504183072-07:00 : Initation completed! Your server is now live! 🎉
2023-07-18T18:52:49.504202990-07:00 : We currently are encrypting with [40mOsRng[0m, which is NOT 
             (NECESARLY) CRYPTOGRAPHICALLY SECURE!!
             It often is, but not always!
2023-07-18T18:55:27.292506696-07:00 : Initalising Program
2023-07-18T18:55:27.292623106-07:00 : The function [40mcheck_updaes()[0m currently has no functionality.
2023-07-18T18:55:27.292649796-07:00 : The function [40mverify_file_integrity()[0m currently has 
             no functionality.
2023-07-18T18:55:27.292823715-07:00 : Your server is running
              • [1mSoftware:[0m hermod 0.3.5:pre-release.4
              • [1mThreads:[0m 4
              • [1mMax Requests:[0m 18446744073709551615 (Warn: 3/4ths)
              • [1mLocation:[0m [4mhttp://127.0.255.1:3467[0m
             If this is not correct, please press [1m[4mCTRL+C[0m during the 
             launch countdown to abort the launch.
2023-07-18T18:55:27.292850095-07:00 : Initation completed! Your server is now live! 🎉
2023-07-18T18:55:27.292871134-07:00 : We currently are encrypting with [40mOsRng[0m, which is NOT 
             (NECESARLY) CRYPTOGRAPHICALLY SECURE!!
             It often is, but not always!
2023-07-18T18:56:29.069662786-07:00 : Initalising Program
2023-07-18T18:56:29.069790748-07:00 : The function [40mcheck_updaes()[0m currently has no functionality.
2023-07-18T18:56:29.069819161-07:00 : The function [40mverify_file_integrity()[0m currently has 
             no functionality.
2023-07-18T18:56:29.070019280-07:00 : Your server is running
              • [1mSoftware:[0m hermod 0.3.5:pre-release.4
              • [1mThreads:[0m 4
              • [1mMax Requests:[0m 18446744073709551615 (Warn: 3/4ths)
              • [1mLocation:[0m [4mhttp://127.0.255.1:3467[0m
             If this is not correct, please press [1m[4mCTRL+C[0m during the 
             launch countdown to abort the launch.
2023-07-18T18:56:29.070051851-07:00 : Initation completed! Your server is now live! 🎉
2023-07-18T18:56:29.070072079-07:00 : We currently are encrypting with [40mOsRng[0m, which is NOT 
             (NECESARLY) CRYPTOGRAPHICALLY SECURE!!
             It often is, but not always!
2023-07-18T18:56:39.253974827-07:00 : Initalising Program
2023-07-18T18:56:39.254052684-07:00 : The function [40mcheck_updaes()[0m currently has no functionality.
2023-07-18T18:56:39.254070287-07:00 : The function [40mverify_file_integrity()[0m currently has 
             no functionality.
2023-07-18T18:56:39.254218697-07:00 : Your server is running
              • [1mSoftware:[0m hermod 0.3.5:pre-release.4
              • [1mThreads:[0m 4
              • [1mMax Requests:[0m 18446744073709551615 (Warn: 3/4ths)
              • [1mLocation:[0m [4mhttp://127.0.255.1:3467[0m
             If this is not correct, please press [1m[4mCTRL+C[0m during the 
             launch countdown to abort the launch.
2023-07-18T18:56:39.254242983-07:00 : Initation completed! Your server is now live! 🎉
2023-07-18T18:56:39.254261408-07:00 : We currently are encrypting with [40mOsRng[0m, which is NOT 
             (NECESARLY) CRYPTOGRAPHICALLY SECURE!!
             It often is, but not always!
2023-07-18T18:56:54.134993533-07:00 : Initalising Program
2023-07-18T18:56:54.135199863-07:00 : The function [40mcheck_updaes()[0m currently has no functionality.
2023-07-18T18:56:54.135236973-07:00 : The function [40mverify_file_integrity()[0m currently has 
             no functionality.
2023-07-18T18:56:54.135433855-07:00 : Your server is running
              • [1mSoftware:[0m hermod 0.3.5:pre-release.4
              • [1mThreads:[0m 4
              • [1mMax Requests:[0m 18446744073709551615 (Warn: 3/4ths)
              • [1mLocation:[0m [4mhttp://127.0.255.1:3467[0m
             If this is not correct, please press [1m[4mCTRL+C[0m during the 
             launch countdown to abort the launch.
2023-07-18T18:56:54.135460977-07:00 : Initation completed! Your server is now live! 🎉
2023-07-18T18:56:54.135481355-07:00 : We currently are encrypting with [40mOsRng[0m, which is NOT 
             (NECESARLY) CRYPTOGRAPHICALLY SECURE!!
             It often is, but not always!
2023-07-18T18:59:11.474177767-07:00 : Initalising Program
2023-07-18T18:59:11.474323312-07:00 : The function [40mcheck_updaes()[0m currently has no functionality.
2023-07-18T18:59:11.474341737-07:00 : The function [40mverify_file_integrity()[0m currently has 
             no functionality.
2023-07-18T18:59:11.474512810-07:00 : Your server is running
              • [1mSoftware:[0m hermod 0.3.5:pre-release.4
              • [1mThreads:[0m 4
              • [1mMax Requests:[0m 18446744073709551615 (Warn: 3/4ths)
              • [1mLocation:[0m [4mhttp://127.0.255.1:3467[0m
             If this is not correct, please press [1m[4mCTRL+C[0m during the 
             launch countdown to abort the launch.
2023-07-18T18:59:11.474534101-07:00 : Initation completed! Your server is now live! 🎉
2023-07-18T18:59:11.474547456-07:00 : We currently are encrypting with [40mOsRng[0m, which is NOT 
             (NECESARLY) CRYPTOGRAPHICALLY SECURE!!
             It often is, but not always!
2023-07-18T19:20:45.693677446-07:00 : Initalising Program
2023-07-18T19:20:45.693843630-07:00 : The function [40mcheck_updaes()[0m currently has no functionality.
2023-07-18T19:20:45.693864841-07:00 : Checking for Updates
2023-07-18T19:20:45.693880019-07:00 : Checking file integrity ...
2023-07-18T19:20:45.693891070-07:00 : File integrity good!
2023-07-18T19:20:45.693902051-07:00 : The function [40mverify_file_integrity()[0m currently has 
             no functionality.
2023-07-18T19:20:45.693911819-07:00 : Launch Sequence Initated
2023-07-18T19:20:45.693921017-07:00 : Initalising Thread Pool
2023-07-18T19:20:45.694043318-07:00 : Initalising TCP Stream
2023-07-18T19:20:45.694110876-07:00 : Your server is running
              • [1mSoftware:[0m hermod 0.3.5:pre-release.4
              • [1mThreads:[0m 4
              • [1mMax Requests:[0m 18446744073709551615 (Warn: 3/4ths)
              • [1mLocation:[0m [4mhttp://127.0.255.1:3467[0m
             If this is not correct, please press [1m[4mCTRL+C[0m during the 
             launch countdown to abort the launch.
2023-07-18T19:20:45.694127357-07:00 : Initation completed! Your server is now live! 🎉
2023-07-18T19:20:45.694140121-07:00 : We currently are encrypting with [40mOsRng[0m, which is NOT 
             (NECESARLY) CRYPTOGRAPHICALLY SECURE!!
             It often is, but not always!
2023-07-18T19:33:24.595133052-07:00 : Initalising Program
2023-07-18T19:33:24.595291251-07:00 : The function [40mcheck_updaes()[0m currently has no functionality.
2023-07-18T19:33:24.595309706-07:00 : The function [40mverify_file_integrity()[0m currently has 
             no functionality.
2023-07-18T19:33:24.595448548-07:00 : Your server is running
              • [1mSoftware:[0m hermod 0.3.5:pre-release.4
              • [1mThreads:[0m 4
              • [1mMax Requests:[0m 18446744073709551615 (Warn: 3/4ths)
              • [1mLocation:[0m [4mhttp://127.0.255.1:3467[0m
             If this is not correct, please press [1m[4mCTRL+C[0m during the 
             launch countdown to abort the launch.
2023-07-18T19:33:24.595469668-07:00 : Initation completed! Your server is now live! 🎉
2023-07-18T19:33:24.595482452-07:00 : We currently are encrypting with [40mOsRng[0m, which is NOT 
             (NECESARLY) CRYPTOGRAPHICALLY SECURE!!
             It often is, but not always!
